#
# There is insufficient memory for the Java Runtime Environment to continue.
# Native memory allocation (malloc) failed to allocate 1048576 bytes for AllocateHeap
# Possible reasons:
#   The system is out of physical RAM or swap space
#   The process is running with CompressedOops enabled, and the Java Heap may be blocking the growth of the native heap
# Possible solutions:
#   Reduce memory load on the system
#   Increase physical memory or swap space
#   Check if swap backing store is full
#   Decrease Java heap size (-Xmx/-Xms)
#   Decrease number of Java threads
#   Decrease Java thread stack sizes (-Xss)
#   Set larger code cache with -XX:ReservedCodeCacheSize=
#   JVM is running with Unscaled Compressed Oops mode in which the Java heap is
#     placed in the first 4GB address space. The Java Heap base address is the
#     maximum limit for the native heap growth. Please use -XX:HeapBaseMinAddress
#     to set the Java Heap base and to place the Java Heap above 4GB virtual address.
# This output file may be truncated or incomplete.
#
#  Out of Memory Error (memory/allocation.inline.hpp:61), pid=32932, tid=0x0000000000004afc
#
# JRE version:  (8.0_261-b12) (build )
# Java VM: Java HotSpot(TM) 64-Bit Server VM (25.261-b12 mixed mode windows-amd64 compressed oops)
# Failed to write core dump. Minidumps are not enabled by default on client versions of Windows
#

---------------  T H R E A D  ---------------

Current thread (0x00000237b9e31000):  JavaThread "Unknown thread" [_thread_in_vm, id=19196, stack(0x000000dcfb000000,0x000000dcfb100000)]

Stack: [0x000000dcfb000000,0x000000dcfb100000]
Native frames: (J=compiled Java code, j=interpreted, Vv=VM code, C=native code)
V  [jvm.dll+0x33e5f9]
V  [jvm.dll+0x2850e2]
V  [jvm.dll+0x285d8d]
V  [jvm.dll+0x27c895]
V  [jvm.dll+0x1565d]
V  [jvm.dll+0x3d9117]
V  [jvm.dll+0x3d5557]
V  [jvm.dll+0x10c61f]
V  [jvm.dll+0x21a00b]
V  [jvm.dll+0x248687]
V  [jvm.dll+0x172116]
C  [javaw.exe+0x2322]
C  [javaw.exe+0x16564]
C  [KERNEL32.DLL+0x17034]
C  [ntdll.dll+0x4cec1]


---------------  P R O C E S S  ---------------

Java Threads: ( => current thread )

Other Threads:

=>0x00000237b9e31000 (exited) JavaThread "Unknown thread" [_thread_in_vm, id=19196, stack(0x000000dcfb000000,0x000000dcfb100000)]

VM state:not at safepoint (normal execution)

VM Mutex/Monitor currently owned by a thread: None

heap address: 0x0000000089400000, size: 1900 MB, Compressed Oops mode: 32-bit
Narrow klass base: 0x0000000000000000, Narrow klass shift: 3
Compressed class space size: 1073741824 Address: 0x0000000100000000

Heap:
 PSYoungGen      total 35840K, used 614K [0x00000000d8700000, 0x00000000daf00000, 0x0000000100000000)
  eden space 30720K, 2% used [0x00000000d8700000,0x00000000d87999a8,0x00000000da500000)
  from space 5120K, 0% used [0x00000000daa00000,0x00000000daa00000,0x00000000daf00000)
  to   space 5120K, 0% used [0x00000000da500000,0x00000000da500000,0x00000000daa00000)
 ParOldGen       total 81920K, used 0K [0x0000000089400000, 0x000000008e400000, 0x00000000d8700000)
  object space 81920K, 0% used [0x0000000089400000,0x0000000089400000,0x000000008e400000)
 Metaspace       used 752K, capacity 4480K, committed 4480K, reserved 1056768K
  class space    used 76K, capacity 384K, committed 384K, reserved 1048576K

Card table byte_map: [0x00000237cacb0000,0x00000237cb070000] byte_map_base: 0x00000237ca866000

Marking Bits: (ParMarkBitMap*) 0x0000000072434fb0
 Begin Bits: [0x00000237cb2f0000, 0x00000237cd0a0000)
 End Bits:   [0x00000237cd0a0000, 0x00000237cee50000)

Polling page: 0x00000237b9ff0000

CodeCache: size=245760Kb used=327Kb max_used=327Kb free=245432Kb
 bounds [0x00000237bb8f0000, 0x00000237bbb60000, 0x00000237ca8f0000]
 total_blobs=57 nmethods=0 adapters=38
 compilation: enabled

Compilation events (0 events):
No events

GC Heap History (0 events):
No events

Deoptimization events (0 events):
No events

Classes redefined (0 events):
No events

Internal exceptions (0 events):
No events

Events (10 events):
Event: 0.026 loading class java/lang/Short
Event: 0.026 loading class java/lang/Short done
Event: 0.026 loading class java/lang/Integer
Event: 0.026 loading class java/lang/Integer done
Event: 0.026 loading class java/lang/Long
Event: 0.026 loading class java/lang/Long done
Event: 0.027 loading class java/lang/NullPointerException
Event: 0.027 loading class java/lang/NullPointerException done
Event: 0.027 loading class java/lang/ArithmeticException
Event: 0.027 loading class java/lang/ArithmeticException done


Dynamic libraries:
0x00007ff78fd80000 - 0x00007ff78fdc7000 	C:\Program Files\Java\jre1.8.0_261\bin\javaw.exe
0x00007ff974e30000 - 0x00007ff975026000 	C:\WINDOWS\SYSTEM32\ntdll.dll
0x00007ff972f30000 - 0x00007ff972fed000 	C:\WINDOWS\System32\KERNEL32.DLL
0x00007ff972580000 - 0x00007ff972848000 	C:\WINDOWS\System32\KERNELBASE.dll
0x00007ff974b90000 - 0x00007ff974c3a000 	C:\WINDOWS\System32\ADVAPI32.dll
0x00007ff9731a0000 - 0x00007ff97323e000 	C:\WINDOWS\System32\msvcrt.dll
0x00007ff974380000 - 0x00007ff97441b000 	C:\WINDOWS\System32\sechost.dll
0x00007ff974100000 - 0x00007ff974224000 	C:\WINDOWS\System32\RPCRT4.dll
0x00007ff973e70000 - 0x00007ff974010000 	C:\WINDOWS\System32\USER32.dll
0x00007ff972850000 - 0x00007ff972872000 	C:\WINDOWS\System32\win32u.dll
0x00007ff9740d0000 - 0x00007ff9740fa000 	C:\WINDOWS\System32\GDI32.dll
0x00007ff972c00000 - 0x00007ff972d09000 	C:\WINDOWS\System32\gdi32full.dll
0x00007ff972b60000 - 0x00007ff972bfd000 	C:\WINDOWS\System32\msvcp_win.dll
0x00007ff9728d0000 - 0x00007ff9729d0000 	C:\WINDOWS\System32\ucrtbase.dll
0x00007ff960b00000 - 0x00007ff960d9b000 	C:\WINDOWS\WinSxS\amd64_microsoft.windows.common-controls_6595b64144ccf1df_6.0.19041.488_none_ca04af081b815d21\COMCTL32.dll
0x00007ff973240000 - 0x00007ff973270000 	C:\WINDOWS\System32\IMM32.DLL
0x00007ff947630000 - 0x00007ff947645000 	C:\Program Files\Java\jre1.8.0_261\bin\vcruntime140.dll
0x00007ff945d50000 - 0x00007ff945deb000 	C:\Program Files\Java\jre1.8.0_261\bin\msvcp140.dll
0x0000000071c40000 - 0x00000000724ac000 	C:\Program Files\Java\jre1.8.0_261\bin\server\jvm.dll
0x00007ff973270000 - 0x00007ff973278000 	C:\WINDOWS\System32\PSAPI.DLL
0x00007ff95b730000 - 0x00007ff95b739000 	C:\WINDOWS\SYSTEM32\WSOCK32.dll
0x00007ff96a550000 - 0x00007ff96a577000 	C:\WINDOWS\SYSTEM32\WINMM.dll
0x00007ff974310000 - 0x00007ff97437b000 	C:\WINDOWS\System32\WS2_32.dll
0x00007ff96b510000 - 0x00007ff96b51a000 	C:\WINDOWS\SYSTEM32\VERSION.dll
0x00007ff9704d0000 - 0x00007ff9704e2000 	C:\WINDOWS\SYSTEM32\kernel.appcore.dll
0x00007ff95f770000 - 0x00007ff95f780000 	C:\Program Files\Java\jre1.8.0_261\bin\verify.dll
0x00007ff946c10000 - 0x00007ff946c3b000 	C:\Program Files\Java\jre1.8.0_261\bin\java.dll
0x00007ff9470d0000 - 0x00007ff9470e8000 	C:\Program Files\Java\jre1.8.0_261\bin\zip.dll
0x00007ff95d920000 - 0x00007ff95db04000 	C:\WINDOWS\SYSTEM32\dbghelp.dll
0x00007ff972d10000 - 0x00007ff972d8f000 	C:\WINDOWS\System32\bcryptPrimitives.dll

VM Arguments:
jvm_args: -Dfile.encoding=Cp1252 
java_command: first.calculator
java_class_path (initial): C:\Users\Nikhil Rawal\eclipse-workspace\SwingPractice\bin;C:\Users\Nikhil Rawal\eclipse-workspace\SwingPractice\jgoodies-forms-1.8.0.jar
Launcher Type: SUN_STANDARD

Environment Variables:
PATH=C:/Program Files/Java/jdk-14.0.2/bin/server;C:/Program Files/Java/jdk-14.0.2/bin;C:\Program Files\Common Files\Oracle\Java\javapath;C:\Program Files (x86)\Common Files\Oracle\Java\javapath;C:\Windows\system32;C:\Windows;C:\Windows\System32\Wbem;C:\Windows\System32\WindowsPowerShell\v1.0\;C:\Windows\System32\OpenSSH\;C:\Program Files (x86)\NVIDIA Corporation\PhysX\Common;C:\Program Files\NVIDIA Corporation\NVIDIA NvDLISR;C:\WINDOWS\system32;C:\WINDOWS;C:\WINDOWS\System32\Wbem;C:\WINDOWS\System32\WindowsPowerShell\v1.0\;C:\WINDOWS\System32\OpenSSH\;C:\Users\Nikhil Rawal\AppData\Local\Programs\Python\Python38-32\Scripts\;C:\Users\Nikhil Rawal\AppData\Local\Programs\Python\Python38-32\;C:\Users\Nikhil Rawal\AppData\Local\Microsoft\WindowsApps;C:\Users\Nikhil Rawal\AppData\Local\GitHubDesktop\bin;C:\Users\Nikhil Rawal\Desktop;
USERNAME=Nikhil Rawal
OS=Windows_NT
PROCESSOR_IDENTIFIER=AMD64 Family 23 Model 96 Stepping 1, AuthenticAMD



---------------  S Y S T E M  ---------------

OS: Windows 10.0 , 64 bit Build 19041 (10.0.19041.546)

CPU:total 12 (initial active 12) (12 cores per cpu, 1 threads per core) family 23 model 96 stepping 1, cmov, cx8, fxsr, mmx, sse, sse2, sse3, ssse3, sse4.1, sse4.2, popcnt, avx, avx2, aes, clmul, mmxext, 3dnowpref, lzcnt, sse4a, tsc, tscinvbit, tscinv, bmi1

Memory: 4k page, physical 7781776k(1435584k free), swap 31899024k(5696k free)

vm_info: Java HotSpot(TM) 64-Bit Server VM (25.261-b12) for windows-amd64 JRE (1.8.0_261-b12), built on Jun 18 2020 06:56:32 by "" with unknown MS VC++:1916

time: Sat Oct 24 16:47:57 2020
timezone: India Standard Time
elapsed time: 0 seconds (0d 0h 0m 0s)

